Using pre-set license
Built from '2020.2/staging' branch; Version is '2020.2.6f1 (8a2143876886) revision 9052483'; Using compiler version '192528614'; Build Type 'Release'
OS: 'Windows 10 Home; OS build 19043.1165; Version 2009; 64bit' Language: 'en' Physical Memory: 16335 MB
BatchMode: 1, IsHumanControllingUs: 0, StartBugReporterOnCrash: 0, Is64bit: 1, IsPro: 0

 COMMAND LINE ARGUMENTS:
C:\Program Files\Unity\Hub\Editor\2020.2.6f1\Editor\Unity.exe
-adb2
-batchMode
-noUpm
-name
AssetImportWorker0
-projectPath
D:/Unity Projects/Acrado
-logFile
Logs/AssetImportWorker0.log
-srvPort
60492
Successfully changed project path to: D:/Unity Projects/Acrado
D:/Unity Projects/Acrado
Using Asset Import Pipeline V2.
Refreshing native plugins compatible for Editor in 41.78 ms, found 1 plugins.
Preloading 0 native plugins for Editor in 0.00 ms.
Initialize engine version: 2020.2.6f1 (8a2143876886)
[Subsystems] Discovering subsystems at path C:/Program Files/Unity/Hub/Editor/2020.2.6f1/Editor/Data/Resources/UnitySubsystems
[Subsystems] Discovering subsystems at path D:/Unity Projects/Acrado/Assets
GfxDevice: creating device client; threaded=0
Direct3D:
    Version:  Direct3D 11.0 [level 11.1]
    Renderer: NVIDIA GeForce GTX 1060 6GB (ID=0x1c03)
    Vendor:   
    VRAM:     6052 MB
    Driver:   27.21.14.5671
Initialize mono
Mono path[0] = 'C:/Program Files/Unity/Hub/Editor/2020.2.6f1/Editor/Data/Managed'
Mono path[1] = 'C:/Program Files/Unity/Hub/Editor/2020.2.6f1/Editor/Data/MonoBleedingEdge/lib/mono/unityjit'
Mono config path = 'C:/Program Files/Unity/Hub/Editor/2020.2.6f1/Editor/Data/MonoBleedingEdge/etc'
Using monoOptions --debugger-agent=transport=dt_socket,embedding=1,server=y,suspend=n,address=127.0.0.1:56796
Begin MonoManager ReloadAssembly
Registering precompiled unity dll's ...
Register platform support module: C:/Program Files/Unity/Hub/Editor/2020.2.6f1/Editor/Data/PlaybackEngines/WindowsStandaloneSupport/UnityEditor.WindowsStandalone.Extensions.dll
Registered in 0.002300 seconds.
Native extension for WindowsStandalone target not found
Refreshing native plugins compatible for Editor in 38.69 ms, found 1 plugins.
Preloading 0 native plugins for Editor in 0.00 ms.
Invoked RoslynAnalysisRunner static constructor.
RoslynAnalysisRunner will not be running.
RoslynAnalysisRunner has terminated.
Mono: successfully reloaded assembly
- Completed reload, in  2.378 seconds
Platform modules already initialized, skipping
Registering precompiled user dll's ...
Registered in 0.002030 seconds.
Begin MonoManager ReloadAssembly
Native extension for WindowsStandalone target not found
Refreshing native plugins compatible for Editor in 39.70 ms, found 1 plugins.
Preloading 0 native plugins for Editor in 0.00 ms.
Invoked RoslynAnalysisRunner static constructor.
RoslynAnalysisRunner will not be running.
RoslynAnalysisRunner has terminated.
Find all reader and writers took 189 milliseconds
Script Module: UnityEngine.UI.dll
Weave behaviours and messages took 166 milliseconds
Find all reader and writers took 168 milliseconds
Script Module: UnityEngine.TestRunner.dll
Weave behaviours and messages took 58 milliseconds
Find all reader and writers took 169 milliseconds
Script Module: Unity.Mathematics.dll
Weave behaviours and messages took 536 milliseconds
Find all reader and writers took 149 milliseconds
Script Module: Unity.2D.Animation.Triangle.Runtime.dll
Weave behaviours and messages took 94 milliseconds
Find all reader and writers took 159 milliseconds
Script Module: SimpleWebTransport.dll
Weave behaviours and messages took 18 milliseconds
Find all reader and writers took 163 milliseconds
Script Module: Unity.Timeline.dll
Weave behaviours and messages took 77 milliseconds
Find all reader and writers took 191 milliseconds
Script Module: Unity.TextMeshPro.dll
Weave behaviours and messages took 199 milliseconds
Find all reader and writers took 154 milliseconds
Script Module: Unity.2D.Animation.Runtime.dll
Weave behaviours and messages took 16 milliseconds
Find all reader and writers took 158 milliseconds
Script Module: Unity.2D.IK.Runtime.dll
Weave behaviours and messages took 11 milliseconds
Find all reader and writers took 159 milliseconds
Script Module: Unity.2D.SpriteShape.Runtime.dll
Weave behaviours and messages took 61 milliseconds
Find all reader and writers took 147 milliseconds
Script Module: kcp2k.dll
Weave behaviours and messages took 13 milliseconds
Find all reader and writers took 155 milliseconds
Script Module: Telepathy.dll
Weave behaviours and messages took 7 milliseconds
Find all reader and writers took 158 milliseconds
Script Module: Unity.2D.PixelPerfect.dll
Weave behaviours and messages took 5 milliseconds
Find all reader and writers took 156 milliseconds
Script Module: where-allocations.dll
Weave behaviours and messages took 0 milliseconds
Find all reader and writers took 153 milliseconds
Script Module: Unity.2D.Common.Runtime.dll
Weave behaviours and messages took 0 milliseconds
Find all reader and writers took 151 milliseconds
Script Module: Unity.InternalAPIEngineBridge.001.dll
Weave behaviours and messages took 0 milliseconds
Find all reader and writers took 221 milliseconds
Script Module: UnityEditor.TestRunner.dll
Weave behaviours and messages took 99 milliseconds
Find all reader and writers took 210 milliseconds
Script Module: UnityEditor.UI.dll
Weave behaviours and messages took 34 milliseconds
Find all reader and writers took 178 milliseconds
Script Module: PsdPlugin.dll
Weave behaviours and messages took 41 milliseconds
Find all reader and writers took 205 milliseconds
Script Module: ParrelSync.dll
Weave behaviours and messages took 7 milliseconds
Find all reader and writers took 174 milliseconds
Script Module: Mirror.CompilerSymbols.dll
Weave behaviours and messages took 0 milliseconds
Find all reader and writers took 207 milliseconds
Script Module: Unity.InternalAPIEditorBridge.001.dll
Weave behaviours and messages took 3 milliseconds
Mono: successfully reloaded assembly
- Completed reload, in 12.675 seconds
Platform modules already initialized, skipping
========================================================================
Worker process is ready to serve import requests
Launched and connected shader compiler UnityShaderCompiler.exe after 0.05 seconds
Refreshing native plugins compatible for Editor in 0.43 ms, found 1 plugins.
Preloading 0 native plugins for Editor in 0.00 ms.
Unloading 2066 Unused Serialized files (Serialized files now loaded: 0)
System memory in use before: 94.0 MB.
System memory in use after: 93.9 MB.

Unloading 29 unused Assets to reduce memory usage. Loaded Objects now: 2504.
Total: 3.873500 ms (FindLiveObjects: 0.295000 ms CreateObjectMapping: 0.051200 ms MarkObjects: 3.367200 ms  DeleteObjects: 0.158800 ms)

========================================================================
Received Import Request.
  path: Assets/Resources
  artifactKey: Guid(c41ac2683cb83b343a08369508f4c512) Importer(815301076,1909f56bfc062723c751e8b465ee728b)
Start importing Assets/Resources using Guid(c41ac2683cb83b343a08369508f4c512) Importer(815301076,1909f56bfc062723c751e8b465ee728b)  -> (artifact id: 'bdaa1b52fbfa1fc6684e7c32a90164dc') in 0.009836 seconds
  Import took 0.028903 seconds .

========================================================================
Received Import Request.
  Time since last request: 7.864543 seconds.
  path: Assets/Resources/Prefabs/Cards/ScriptableCards
  artifactKey: Guid(d79cb5ca8100aee419fbfabb1c73283d) Importer(815301076,1909f56bfc062723c751e8b465ee728b)
Start importing Assets/Resources/Prefabs/Cards/ScriptableCards using Guid(d79cb5ca8100aee419fbfabb1c73283d) Importer(815301076,1909f56bfc062723c751e8b465ee728b)  -> (artifact id: '0670f84366532dc7c0253f18c29ca918') in 0.007022 seconds
  Import took 0.019673 seconds .

========================================================================
Received Prepare
Registering precompiled user dll's ...
Registered in 0.002086 seconds.
Begin MonoManager ReloadAssembly
Native extension for WindowsStandalone target not found
Refreshing native plugins compatible for Editor in 0.45 ms, found 1 plugins.
Preloading 0 native plugins for Editor in 0.00 ms.
Invoked RoslynAnalysisRunner static constructor.
RoslynAnalysisRunner will not be running.
RoslynAnalysisRunner has terminated.
Mono: successfully reloaded assembly
- Completed reload, in  1.006 seconds
Platform modules already initialized, skipping
Refreshing native plugins compatible for Editor in 0.44 ms, found 1 plugins.
Preloading 0 native plugins for Editor in 0.00 ms.
Unloading 2048 Unused Serialized files (Serialized files now loaded: 0)
System memory in use before: 92.9 MB.
System memory in use after: 92.9 MB.

Unloading 17 unused Assets to reduce memory usage. Loaded Objects now: 2507.
Total: 2.171700 ms (FindLiveObjects: 0.239900 ms CreateObjectMapping: 0.051800 ms MarkObjects: 1.756700 ms  DeleteObjects: 0.121900 ms)

AssetImportWorkerClient::OnTransportError - code=2 error=End of file
